#
# A fatal error has been detected by the Java Runtime Environment:
#
#  Internal Error (safepoint.cpp:314), pid=45, tid=0x0000004017f1db20
#  guarantee(PageArmed == 0) failed: invariant
#
# JRE version: OpenJDK Runtime Environment (8.0_252-b09) (build 1.8.0_252-b09)
# Java VM: OpenJDK 64-Bit Server VM (25.252-b09 mixed mode linux-amd64 compressed oops)
# Derivative: IcedTea 3.16.0
# Distribution: Custom build (Mon Aug 10 05:36:24 UTC 2020)
# Failed to write core dump. Core dumps have been disabled. To enable core dumping, try "ulimit -c unlimited" before starting Java again
#
# If you would like to submit a bug report, please include
# instructions on how to reproduce the bug and visit:
#   https://icedtea.classpath.org/bugzilla
#

---------------  T H R E A D  ---------------

Current thread (0x0000004000163800):  VMThread [stack: 0x0000004017e1d000,0x0000004017f1dae0] [id=54]

Stack: [0x0000004017e1d000,0x0000004017f1dae0]

---------------  P R O C E S S  ---------------

Java Threads: ( => current thread )
  0x0000004000b97800 JavaThread "process reaper" daemon [_thread_blocked, id=68, stack(0x0000004019210000,0x0000004019249ae0)]
  0x0000004000685000 JavaThread "Java2D Disposer" daemon [_thread_blocked, id=63, stack(0x0000004018900000,0x0000004018a00ae0)]
  0x000000400020f800 JavaThread "Service Thread" daemon [_thread_blocked, id=61, stack(0x0000004018527000,0x0000004018627ae0)]
  0x00000040001a2800 JavaThread "C1 CompilerThread2" daemon [_thread_blocked, id=60, stack(0x0000004018426000,0x0000004018526ae0)]
  0x00000040001a0800 JavaThread "C2 CompilerThread1" daemon [_thread_blocked, id=59, stack(0x0000004018324000,0x0000004018424ae0)]
  0x000000400019d000 JavaThread "C2 CompilerThread0" daemon [_thread_blocked, id=58, stack(0x0000004018222000,0x0000004018322ae0)]
  0x00000040001bc800 JavaThread "Signal Dispatcher" daemon [_thread_blocked, id=57, stack(0x0000004018120000,0x0000004018220ae0)]
  0x0000004000178000 JavaThread "Finalizer" daemon [_thread_blocked, id=56, stack(0x000000401801f000,0x000000401811fae0)]
  0x000000400016d800 JavaThread "Reference Handler" daemon [_thread_blocked, id=55, stack(0x0000004017f1e000,0x000000401801eae0)]
  0x000000400001c800 JavaThread "main" [_thread_in_Java, id=49, stack(0x000000400233b000,0x000000400243bae0)]

Other Threads:
=>0x0000004000163800 VMThread [stack: 0x0000004017e1d000,0x0000004017f1dae0] [id=54]
  0x000000400022a800 WatcherThread [stack: 0x0000004018629000,0x0000004018729ae0] [id=62]

VM state:synchronizing (normal execution)

VM Mutex/Monitor currently owned by a thread:  ([mutex/lock_event])
[0x000000400001ace0] Safepoint_lock - owner thread: 0x0000004000163800
[0x000000400001ad80] Threads_lock - owner thread: 0x0000004000163800

heap address: 0x0000000085400000, size: 1964 MB, Compressed Oops mode: 32-bit
Narrow klass base: 0x0000000000000000, Narrow klass shift: 3
Compressed class space size: 1073741824 Address: 0x0000000100000000

Heap:
 PSYoungGen      total 134144K, used 12128K [0x00000000d7180000, 0x00000000dfb80000, 0x0000000100000000)
  eden space 126976K, 5% used [0x00000000d7180000,0x00000000d7864c98,0x00000000ded80000)
  from space 7168K, 70% used [0x00000000df480000,0x00000000df973720,0x00000000dfb80000)
  to   space 7168K, 0% used [0x00000000ded80000,0x00000000ded80000,0x00000000df480000)
 ParOldGen       total 84992K, used 3679K [0x0000000085400000, 0x000000008a700000, 0x00000000d7180000)
  object space 84992K, 4% used [0x0000000085400000,0x0000000085797f30,0x000000008a700000)
 Metaspace       used 13907K, capacity 14104K, committed 14336K, reserved 1062912K
  class space    used 1415K, capacity 1478K, committed 1536K, reserved 1048576K

Card table byte_map: [0x0000004011851000,0x0000004011c28000] byte_map_base: 0x0000004011427000

Marking Bits: (ParMarkBitMap*) 0x000000400216f180
 Begin Bits: [0x00000040122bf000, 0x000000401416f000)
 End Bits:   [0x000000401416f000, 0x000000401601f000)

Polling page: 0x000000400247c000

CodeCache: size=245760Kb used=5949Kb max_used=5950Kb free=239810Kb
 bounds [0x0000004002491000, 0x0000004002a71000, 0x0000004011491000]
 total_blobs=2151 nmethods=1611 adapters=455
 compilation: enabled

Compilation events (10 events):
Event: 7.673 Thread 0x00000040001a2800 nmethod 1607 0x0000004002a63290 code [0x0000004002a634c0, 0x0000004002a64108]
Event: 7.673 Thread 0x00000040001a2800 1608       3       java.awt.image.DirectColorModel::getRGB (105 bytes)
Event: 7.673 Thread 0x000000400019d000 nmethod 1614 0x0000004002a65f10 code [0x0000004002a66060, 0x0000004002a660f8]
Event: 7.675 Thread 0x00000040001a2800 nmethod 1608 0x0000004002a62410 code [0x0000004002a62660, 0x0000004002a62fd8]
Event: 7.675 Thread 0x00000040001a2800 1609       3       java.awt.image.DirectColorModel::getAlpha (54 bytes)
Event: 7.676 Thread 0x00000040001a2800 nmethod 1609 0x0000004002a61d90 code [0x0000004002a61f40, 0x0000004002a62210]
Event: 7.676 Thread 0x00000040001a2800 1610       3       java.awt.image.DirectColorModel::getRed (45 bytes)
Event: 7.678 Thread 0x00000040001a2800 nmethod 1610 0x0000004002a65590 code [0x0000004002a65780, 0x0000004002a65ce8]
Event: 7.678 Thread 0x00000040001a2800 1612       3       java.awt.image.DirectColorModel::getBlue (45 bytes)
Event: 7.679 Thread 0x00000040001a2800 nmethod 1612 0x0000004002a64c10 code [0x0000004002a64e00, 0x0000004002a65368]

GC Heap History (10 events):
Event: 5.011 GC heap before
{Heap before GC invocations=2 (full 0):
 PSYoungGen      total 36864K, used 36837K [0x00000000d7180000, 0x00000000d9a80000, 0x0000000100000000)
  eden space 31744K, 100% used [0x00000000d7180000,0x00000000d9080000,0x00000000d9080000)
  from space 5120K, 99% used [0x00000000d9080000,0x00000000d95797c8,0x00000000d9580000)
  to   space 5120K, 0% used [0x00000000d9580000,0x00000000d9580000,0x00000000d9a80000)
 ParOldGen       total 84992K, used 2121K [0x0000000085400000, 0x000000008a700000, 0x00000000d7180000)
  object space 84992K, 2% used [0x0000000085400000,0x0000000085612438,0x000000008a700000)
 Metaspace       used 13412K, capacity 13582K, committed 13824K, reserved 1060864K
  class space    used 1388K, capacity 1477K, committed 1536K, reserved 1048576K
Event: 5.028 GC heap after
Heap after GC invocations=2 (full 0):
 PSYoungGen      total 36864K, used 4344K [0x00000000d7180000, 0x00000000db980000, 0x0000000100000000)
  eden space 31744K, 0% used [0x00000000d7180000,0x00000000d7180000,0x00000000d9080000)
  from space 5120K, 84% used [0x00000000d9580000,0x00000000d99be230,0x00000000d9a80000)
  to   space 5120K, 0% used [0x00000000d9080000,0x00000000d9080000,0x00000000d9580000)
 ParOldGen       total 84992K, used 2129K [0x0000000085400000, 0x000000008a700000, 0x00000000d7180000)
  object space 84992K, 2% used [0x0000000085400000,0x0000000085614438,0x000000008a700000)
 Metaspace       used 13412K, capacity 13582K, committed 13824K, reserved 1060864K
  class space    used 1388K, capacity 1477K, committed 1536K, reserved 1048576K
}
Event: 5.490 GC heap before
{Heap before GC invocations=3 (full 0):
 PSYoungGen      total 36864K, used 36088K [0x00000000d7180000, 0x00000000db980000, 0x0000000100000000)
  eden space 31744K, 100% used [0x00000000d7180000,0x00000000d9080000,0x00000000d9080000)
  from space 5120K, 84% used [0x00000000d9580000,0x00000000d99be230,0x00000000d9a80000)
  to   space 5120K, 0% used [0x00000000d9080000,0x00000000d9080000,0x00000000d9580000)
 ParOldGen       total 84992K, used 2129K [0x0000000085400000, 0x000000008a700000, 0x00000000d7180000)
  object space 84992K, 2% used [0x0000000085400000,0x0000000085614438,0x000000008a700000)
 Metaspace       used 13496K, capacity 13714K, committed 13824K, reserved 1060864K
  class space    used 1392K, capacity 1477K, committed 1536K, reserved 1048576K
Event: 5.511 GC heap after
Heap after GC invocations=3 (full 0):
 PSYoungGen      total 36864K, used 5101K [0x00000000d7180000, 0x00000000db980000, 0x0000000100000000)
  eden space 31744K, 0% used [0x00000000d7180000,0x00000000d7180000,0x00000000d9080000)
  from space 5120K, 99% used [0x00000000d9080000,0x00000000d957b720,0x00000000d9580000)
  to   space 5120K, 0% used [0x00000000db480000,0x00000000db480000,0x00000000db980000)
 ParOldGen       total 84992K, used 2737K [0x0000000085400000, 0x000000008a700000, 0x00000000d7180000)
  object space 84992K, 3% used [0x0000000085400000,0x00000000856ac438,0x000000008a700000)
 Metaspace       used 13496K, capacity 13714K, committed 13824K, reserved 1060864K
  class space    used 1392K, capacity 1477K, committed 1536K, reserved 1048576K
}
Event: 6.260 GC heap before
{Heap before GC invocations=4 (full 0):
 PSYoungGen      total 36864K, used 36845K [0x00000000d7180000, 0x00000000db980000, 0x0000000100000000)
  eden space 31744K, 100% used [0x00000000d7180000,0x00000000d9080000,0x00000000d9080000)
  from space 5120K, 99% used [0x00000000d9080000,0x00000000d957b720,0x00000000d9580000)
  to   space 5120K, 0% used [0x00000000db480000,0x00000000db480000,0x00000000db980000)
 ParOldGen       total 84992K, used 2737K [0x0000000085400000, 0x000000008a700000, 0x00000000d7180000)
  object space 84992K, 3% used [0x0000000085400000,0x00000000856ac438,0x000000008a700000)
 Metaspace       used 13704K, capacity 13912K, committed 14080K, reserved 1062912K
  class space    used 1404K, capacity 1478K, committed 1536K, reserved 1048576K
Event: 6.282 GC heap after
Heap after GC invocations=4 (full 0):
 PSYoungGen      total 68608K, used 5117K [0x00000000d7180000, 0x00000000db980000, 0x0000000100000000)
  eden space 63488K, 0% used [0x00000000d7180000,0x00000000d7180000,0x00000000daf80000)
  from space 5120K, 99% used [0x00000000db480000,0x00000000db97f730,0x00000000db980000)
  to   space 5120K, 0% used [0x00000000daf80000,0x00000000daf80000,0x00000000db480000)
 ParOldGen       total 84992K, used 2908K [0x0000000085400000, 0x000000008a700000, 0x00000000d7180000)
  object space 84992K, 3% used [0x0000000085400000,0x00000000856d72d0,0x000000008a700000)
 Metaspace       used 13704K, capacity 13912K, committed 14080K, reserved 1062912K
  class space    used 1404K, capacity 1478K, committed 1536K, reserved 1048576K
}
Event: 7.082 GC heap before
{Heap before GC invocations=5 (full 0):
 PSYoungGen      total 68608K, used 68605K [0x00000000d7180000, 0x00000000db980000, 0x0000000100000000)
  eden space 63488K, 100% used [0x00000000d7180000,0x00000000daf80000,0x00000000daf80000)
  from space 5120K, 99% used [0x00000000db480000,0x00000000db97f730,0x00000000db980000)
  to   space 5120K, 0% used [0x00000000daf80000,0x00000000daf80000,0x00000000db480000)
 ParOldGen       total 84992K, used 2908K [0x0000000085400000, 0x000000008a700000, 0x00000000d7180000)
  object space 84992K, 3% used [0x0000000085400000,0x00000000856d72d0,0x000000008a700000)
 Metaspace       used 13863K, capacity 14040K, committed 14336K, reserved 1062912K
  class space    used 1414K, capacity 1478K, committed 1536K, reserved 1048576K
Event: 7.112 GC heap after
Heap after GC invocations=5 (full 0):
 PSYoungGen      total 68608K, used 5101K [0x00000000d7180000, 0x00000000dfb80000, 0x0000000100000000)
  eden space 63488K, 0% used [0x00000000d7180000,0x00000000d7180000,0x00000000daf80000)
  from space 5120K, 99% used [0x00000000daf80000,0x00000000db47b720,0x00000000db480000)
  to   space 7168K, 0% used [0x00000000df480000,0x00000000df480000,0x00000000dfb80000)
 ParOldGen       total 84992K, used 3679K [0x0000000085400000, 0x000000008a700000, 0x00000000d7180000)
  object space 84992K, 4% used [0x0000000085400000,0x0000000085797f30,0x000000008a700000)
 Metaspace       used 13863K, capacity 14040K, committed 14336K, reserved 1062912K
  class space    used 1414K, capacity 1478K, committed 1536K, reserved 1048576K
}
Event: 7.541 GC heap before
{Heap before GC invocations=6 (full 0):
 PSYoungGen      total 68608K, used 66752K [0x00000000d7180000, 0x00000000dfb80000, 0x0000000100000000)
  eden space 63488K, 97% used [0x00000000d7180000,0x00000000dadb4ca0,0x00000000daf80000)
  from space 5120K, 99% used [0x00000000daf80000,0x00000000db47b720,0x00000000db480000)
  to   space 7168K, 0% used [0x00000000df480000,0x00000000df480000,0x00000000dfb80000)
 ParOldGen       total 84992K, used 3679K [0x0000000085400000, 0x000000008a700000, 0x00000000d7180000)
  object space 84992K, 4% used [0x0000000085400000,0x0000000085797f30,0x000000008a700000)
 Metaspace       used 13891K, capacity 14040K, committed 14336K, reserved 1062912K
  class space    used 1414K, capacity 1478K, committed 1536K, reserved 1048576K
Event: 7.565 GC heap after
Heap after GC invocations=6 (full 0):
 PSYoungGen      total 134144K, used 5069K [0x00000000d7180000, 0x00000000dfb80000, 0x0000000100000000)
  eden space 126976K, 0% used [0x00000000d7180000,0x00000000d7180000,0x00000000ded80000)
  from space 7168K, 70% used [0x00000000df480000,0x00000000df973720,0x00000000dfb80000)
  to   space 7168K, 0% used [0x00000000ded80000,0x00000000ded80000,0x00000000df480000)
 ParOldGen       total 84992K, used 3679K [0x0000000085400000, 0x000000008a700000, 0x00000000d7180000)
  object space 84992K, 4% used [0x0000000085400000,0x0000000085797f30,0x000000008a700000)
 Metaspace       used 13891K, capacity 14040K, committed 14336K, reserved 1062912K
  class space    used 1414K, capacity 1478K, committed 1536K, reserved 1048576K
}

Deoptimization events (10 events):
Event: 2.760 Thread 0x000000400001c800 Uncommon trap: reason=class_check action=maybe_recompile pc=0x00000040026c42c0 method=java.util.regex.Pattern$Slice.match(Ljava/util/regex/Matcher;ILjava/lang/CharSequence;)Z @ 75
Event: 2.794 Thread 0x000000400001c800 Uncommon trap: reason=class_check action=maybe_recompile pc=0x000000400271da94 method=java.util.regex.Pattern$Slice.match(Ljava/util/regex/Matcher;ILjava/lang/CharSequence;)Z @ 75
Event: 2.847 Thread 0x000000400001c800 Uncommon trap: reason=predicate action=maybe_recompile pc=0x000000400276c4c4 method=java.util.regex.Pattern$Slice.match(Ljava/util/regex/Matcher;ILjava/lang/CharSequence;)Z @ 21
Event: 2.856 Thread 0x000000400001c800 Uncommon trap: reason=unstable_if action=reinterpret pc=0x0000004002770d54 method=java.util.regex.Pattern$BnM.optimize(Ljava/util/regex/Pattern$Node;)Ljava/util/regex/Pattern$Node; @ 91
Event: 3.263 Thread 0x000000400001c800 Uncommon trap: reason=unstable_if action=reinterpret pc=0x000000400267c638 method=java.lang.String.indexOf([CII[CIII)I @ 3
Event: 4.453 Thread 0x000000400001c800 Uncommon trap: reason=bimorphic action=maybe_recompile pc=0x000000400270fbec method=java.util.regex.Matcher.match(II)Z @ 86
Event: 4.454 Thread 0x000000400001c800 Uncommon trap: reason=bimorphic action=maybe_recompile pc=0x000000400270fbec method=java.util.regex.Matcher.match(II)Z @ 86
Event: 4.454 Thread 0x000000400001c800 Uncommon trap: reason=bimorphic action=maybe_recompile pc=0x000000400270fbec method=java.util.regex.Matcher.match(II)Z @ 86
Event: 4.455 Thread 0x000000400001c800 Uncommon trap: reason=bimorphic action=maybe_recompile pc=0x000000400270fbec method=java.util.regex.Matcher.match(II)Z @ 86
Event: 6.188 Thread 0x000000400001c800 Uncommon trap: reason=unstable_if action=reinterpret pc=0x00000040028aa9b8 method=com.sun.imageio.plugins.png.PNGImageWriter.encodePass(Ljavax/imageio/stream/ImageOutputStream;Ljava/awt/image/RenderedImage;IIII)V @ 303

Classes redefined (0 events):
No events

Internal exceptions (10 events):
Event: 0.731 Thread 0x000000400001c800 Exception <a 'java/security/PrivilegedActionException'> (0x00000000d7345e00) thrown at [/home/buildozer/aports/community/openjdk8/src/icedtea-3.16.0/openjdk/hotspot/src/share/vm/prims/jvm.cpp, line 1499]
Event: 0.731 Thread 0x000000400001c800 Exception <a 'java/security/PrivilegedActionException'> (0x00000000d7346c60) thrown at [/home/buildozer/aports/community/openjdk8/src/icedtea-3.16.0/openjdk/hotspot/src/share/vm/prims/jvm.cpp, line 1499]
Event: 0.731 Thread 0x000000400001c800 Exception <a 'java/security/PrivilegedActionException'> (0x00000000d7346e70) thrown at [/home/buildozer/aports/community/openjdk8/src/icedtea-3.16.0/openjdk/hotspot/src/share/vm/prims/jvm.cpp, line 1499]
Event: 0.732 Thread 0x000000400001c800 Exception <a 'java/security/PrivilegedActionException'> (0x00000000d7347b70) thrown at [/home/buildozer/aports/community/openjdk8/src/icedtea-3.16.0/openjdk/hotspot/src/share/vm/prims/jvm.cpp, line 1499]
Event: 0.732 Thread 0x000000400001c800 Exception <a 'java/security/PrivilegedActionException'> (0x00000000d7347d80) thrown at [/home/buildozer/aports/community/openjdk8/src/icedtea-3.16.0/openjdk/hotspot/src/share/vm/prims/jvm.cpp, line 1499]
Event: 0.984 Thread 0x000000400001c800 Exception <a 'java/lang/NoSuchFieldError': method resolution failed> (0x00000000d7471480) thrown at [/home/buildozer/aports/community/openjdk8/src/icedtea-3.16.0/openjdk/hotspot/src/share/vm/prims/methodHandles.cpp, line 1167]
Event: 0.992 Thread 0x000000400001c800 Exception <a 'java/lang/NoSuchFieldError': method resolution failed> (0x00000000d747eba0) thrown at [/home/buildozer/aports/community/openjdk8/src/icedtea-3.16.0/openjdk/hotspot/src/share/vm/prims/methodHandles.cpp, line 1167]
Event: 1.142 Thread 0x000000400001c800 Exception <a 'java/io/FileNotFoundException'> (0x00000000d74fdb48) thrown at [/home/buildozer/aports/community/openjdk8/src/icedtea-3.16.0/openjdk/hotspot/src/share/vm/prims/jni.cpp, line 710]
Event: 1.142 Thread 0x000000400001c800 Exception <a 'java/io/FileNotFoundException'> (0x00000000d74fe4b8) thrown at [/home/buildozer/aports/community/openjdk8/src/icedtea-3.16.0/openjdk/hotspot/src/share/vm/prims/jni.cpp, line 710]
Event: 1.197 Thread 0x000000400001c800 Exception <a 'java/lang/ClassNotFoundException': sun/dc/DuctusRenderingEngine> (0x00000000d7508cb0) thrown at [/home/buildozer/aports/community/openjdk8/src/icedtea-3.16.0/openjdk/hotspot/src/share/vm/classfile/systemDictionary.cpp, line 210]

Events (10 events):
Event: 7.116 Executing VM operation: RevokeBias
Event: 7.117 Executing VM operation: RevokeBias done
Event: 7.119 Executing VM operation: RevokeBias
Event: 7.120 Executing VM operation: RevokeBias done
Event: 7.540 Executing VM operation: ParallelGCFailedAllocation
Event: 7.565 Executing VM operation: ParallelGCFailedAllocation done
Event: 7.639 loading class net/sourceforge/plantuml/graphic/UnusedSpace
Event: 7.639 loading class net/sourceforge/plantuml/graphic/UnusedSpace done
Event: 7.662 loading class net/sourceforge/plantuml/graphic/UnusedSpace$Point
Event: 7.662 loading class net/sourceforge/plantuml/graphic/UnusedSpace$Point done


Dynamic libraries:
00200000-002b5000 r--p 00000000 fe:01 524306                             /usr/bin/qemu-x86_64
002c4000-00461000 r-xp 000b4000 fe:01 524306                             /usr/bin/qemu-x86_64
00470000-004ab000 rw-p 00250000 fe:01 524306                             /usr/bin/qemu-x86_64
004ba000-004cf000 rw-p 0028a000 fe:01 524306                             /usr/bin/qemu-x86_64
004cf000-004ef000 rw-p 00000000 00:00 0 
30e0d000-30e0e000 ---p 00000000 00:00 0                                  [heap]
30e0e000-30e22000 rw-p 00000000 00:00 0                                  [heap]
85400000-8a700000 rw-p 00000000 00:00 0 
8a700000-d7180000 ---p 00000000 00:00 0 
d7180000-dfb80000 rw-p 00000000 00:00 0 
dfb80000-100000000 ---p 00000000 00:00 0 
100000000-100180000 rw-p 00000000 00:00 0 
100180000-140000000 ---p 00000000 00:00 0 
4000000000-4000001000 r--p 00000000 fe:01 3671205                        /usr/lib/jvm/java-1.8-openjdk/jre/bin/java
4000001000-4000002000 r--p 00001000 fe:01 3671205                        /usr/lib/jvm/java-1.8-openjdk/jre/bin/java
4000002000-4000003000 r--p 00002000 fe:01 3671205                        /usr/lib/jvm/java-1.8-openjdk/jre/bin/java
4000003000-4000004000 r--p 00002000 fe:01 3671205                        /usr/lib/jvm/java-1.8-openjdk/jre/bin/java
4000004000-4000005000 rw-p 00003000 fe:01 3671205                        /usr/lib/jvm/java-1.8-openjdk/jre/bin/java
4000005000-4000ffd000 rw-p 00000000 00:00 0 
4001005000-4001006000 ---p 00000000 00:00 0 
4001006000-4001806000 rw-p 00000000 00:00 0 
4001806000-400181b000 r--p 00000000 fe:01 3802913                        /lib/ld-musl-x86_64.so.1
400181b000-4001862000 r--p 00015000 fe:01 3802913                        /lib/ld-musl-x86_64.so.1
4001862000-4001896000 r--p 0005c000 fe:01 3802913                        /lib/ld-musl-x86_64.so.1
4001896000-4001897000 ---p 00000000 00:00 0 
4001897000-4001898000 r--p 00090000 fe:01 3802913                        /lib/ld-musl-x86_64.so.1
4001898000-4001899000 rw-p 00091000 fe:01 3802913                        /lib/ld-musl-x86_64.so.1
4001899000-400189e000 rw-p 00000000 00:00 0 
400189e000-40018a0000 r--p 00000000 fe:01 3671219                        /usr/lib/jvm/java-1.8-openjdk/jre/lib/amd64/jli/libjli.so
40018a0000-40018a9000 r--p 00002000 fe:01 3671219                        /usr/lib/jvm/java-1.8-openjdk/jre/lib/amd64/jli/libjli.so
40018a9000-40018ac000 r--p 0000b000 fe:01 3671219                        /usr/lib/jvm/java-1.8-openjdk/jre/lib/amd64/jli/libjli.so
40018ac000-40018ad000 r--p 0000e000 fe:01 3671219                        /usr/lib/jvm/java-1.8-openjdk/jre/lib/amd64/jli/libjli.so
40018ad000-40018ae000 r--p 0000e000 fe:01 3671219                        /usr/lib/jvm/java-1.8-openjdk/jre/lib/amd64/jli/libjli.so
40018ae000-40018af000 rw-p 0000f000 fe:01 3671219                        /usr/lib/jvm/java-1.8-openjdk/jre/lib/amd64/jli/libjli.so
40018af000-40018b2000 r--p 00000000 fe:01 3670236                        /lib/libz.so.1.2.11
40018b2000-40018c0000 r--p 00003000 fe:01 3670236                        /lib/libz.so.1.2.11
40018c0000-40018c7000 r--p 00011000 fe:01 3670236                        /lib/libz.so.1.2.11
40018c7000-40018c8000 r--p 00017000 fe:01 3670236                        /lib/libz.so.1.2.11
40018c8000-40018c9000 rw-p 00018000 fe:01 3670236                        /lib/libz.so.1.2.11
40018c9000-4001abd000 r--p 00000000 fe:01 3671258                        /usr/lib/jvm/java-1.8-openjdk/jre/lib/amd64/server/libjvm.so
4001abd000-4001ed6000 r--p 001f4000 fe:01 3671258                        /usr/lib/jvm/java-1.8-openjdk/jre/lib/amd64/server/libjvm.so
4001ed6000-400209d000 r--p 0060d000 fe:01 3671258                        /usr/lib/jvm/java-1.8-openjdk/jre/lib/amd64/server/libjvm.so
400209d000-4002133000 r--p 007d3000 fe:01 3671258                        /usr/lib/jvm/java-1.8-openjdk/jre/lib/amd64/server/libjvm.so
4002133000-400215b000 rw-p 00869000 fe:01 3671258                        /usr/lib/jvm/java-1.8-openjdk/jre/lib/amd64/server/libjvm.so
400215b000-400218c000 rw-p 00000000 00:00 0 
400218c000-4002243000 r--p 00000000 fe:01 3671570                        /usr/lib/libstdc++.so.6.0.28
4002243000-40022ce000 r--p 000b7000 fe:01 3671570                        /usr/lib/libstdc++.so.6.0.28
40022ce000-4002311000 r--p 00142000 fe:01 3671570                        /usr/lib/libstdc++.so.6.0.28
4002311000-4002312000 r--p 00185000 fe:01 3671570                        /usr/lib/libstdc++.so.6.0.28
4002312000-4002321000 r--p 00185000 fe:01 3671570                        /usr/lib/libstdc++.so.6.0.28
4002321000-4002322000 rw-p 00194000 fe:01 3671570                        /usr/lib/libstdc++.so.6.0.28
4002322000-4002325000 rw-p 00000000 00:00 0 
4002325000-4002328000 r--p 00000000 fe:01 3671419                        /usr/lib/libgcc_s.so.1
4002328000-4002334000 r--p 00003000 fe:01 3671419                        /usr/lib/libgcc_s.so.1
4002334000-4002337000 r--p 0000f000 fe:01 3671419                        /usr/lib/libgcc_s.so.1
4002337000-4002338000 r--p 00011000 fe:01 3671419                        /usr/lib/libgcc_s.so.1
4002338000-4002339000 rw-p 00012000 fe:01 3671419                        /usr/lib/libgcc_s.so.1
4002339000-400233b000 ---p 00000000 00:00 0 
400233b000-400233e000 ---p 00000000 00:00 0 
400233e000-400243c000 rw-p 00000000 00:00 0 
400243c000-4002441000 r--p 00000000 fe:01 3671253                        /usr/lib/jvm/java-1.8-openjdk/jre/lib/amd64/libverify.so
4002441000-4002448000 r--p 00005000 fe:01 3671253                        /usr/lib/jvm/java-1.8-openjdk/jre/lib/amd64/libverify.so
4002448000-400244b000 r--p 0000c000 fe:01 3671253                        /usr/lib/jvm/java-1.8-openjdk/jre/lib/amd64/libverify.so
400244b000-400244d000 r--p 0000e000 fe:01 3671253                        /usr/lib/jvm/java-1.8-openjdk/jre/lib/amd64/libverify.so
400244d000-400244e000 rw-p 00010000 fe:01 3671253                        /usr/lib/jvm/java-1.8-openjdk/jre/lib/amd64/libverify.so
400244e000-400245b000 r--p 00000000 fe:01 3671235                        /usr/lib/jvm/java-1.8-openjdk/jre/lib/amd64/libjava.so
400245b000-4002471000 r--p 0000d000 fe:01 3671235                        /usr/lib/jvm/java-1.8-openjdk/jre/lib/amd64/libjava.so
4002471000-4002478000 r--p 00023000 fe:01 3671235                        /usr/lib/jvm/java-1.8-openjdk/jre/lib/amd64/libjava.so
4002478000-4002479000 r--p 0002a000 fe:01 3671235                        /usr/lib/jvm/java-1.8-openjdk/jre/lib/amd64/libjava.so
4002479000-400247a000 r--p 0002a000 fe:01 3671235                        /usr/lib/jvm/java-1.8-openjdk/jre/lib/amd64/libjava.so
400247a000-400247b000 rw-p 0002b000 fe:01 3671235                        /usr/lib/jvm/java-1.8-openjdk/jre/lib/amd64/libjava.so
400247b000-400247c000 rw-p 00000000 00:00 0 
400247c000-400247d000 ---p 00000000 00:00 0 
400247d000-400247e000 rw-p 00000000 00:00 0 
400247e000-4002486000 rw-s 00000000 fe:01 921631                         /tmp/hsperfdata_root/45
4002486000-4002489000 r--p 00000000 fe:01 3671254                        /usr/lib/jvm/java-1.8-openjdk/jre/lib/amd64/libzip.so
4002489000-400248d000 r--p 00003000 fe:01 3671254                        /usr/lib/jvm/java-1.8-openjdk/jre/lib/amd64/libzip.so
400248d000-400248f000 r--p 00007000 fe:01 3671254                        /usr/lib/jvm/java-1.8-openjdk/jre/lib/amd64/libzip.so
400248f000-4002490000 r--p 00008000 fe:01 3671254                        /usr/lib/jvm/java-1.8-openjdk/jre/lib/amd64/libzip.so
4002490000-4002491000 rw-p 00009000 fe:01 3671254                        /usr/lib/jvm/java-1.8-openjdk/jre/lib/amd64/libzip.so
4002491000-4002492000 r-xp 00000000 00:00 0 
4002492000-4002496000 rw-p 00000000 00:00 0 
4002496000-4002497000 r-xp 00000000 00:00 0 
4002497000-4002498000 rw-p 00000000 00:00 0 
4002498000-400249b000 r-xp 00000000 00:00 0 
400249b000-40024a2000 rw-p 00000000 00:00 0 
40024a2000-40024a7000 r-xp 00000000 00:00 0 
40024a7000-40024a8000 rw-p 00000000 00:00 0 
40024a8000-40024ba000 r-xp 00000000 00:00 0 
40024ba000-40024d6000 rw-p 00000000 00:00 0 
40024d6000-40024da000 r-xp 00000000 00:00 0 
40024da000-40024de000 rw-p 00000000 00:00 0 
40024de000-40024e6000 r-xp 00000000 00:00 0 
40024e6000-40024e8000 rw-p 00000000 00:00 0 
40024e8000-40024ec000 r-xp 00000000 00:00 0 
40024ec000-40024f2000 rw-p 00000000 00:00 0 
40024f2000-40024f3000 rwxp 00000000 00:00 0 
40024f3000-40024fd000 r-xp 00000000 00:00 0 
40024fd000-40024fe000 rwxp 00000000 00:00 0 
40024fe000-400258a000 rw-p 00000000 00:00 0 
400258a000-400258b000 r-xp 00000000 00:00 0 
400258b000-400258c000 rw-p 00000000 00:00 0 
400258c000-400258d000 r-xp 00000000 00:00 0 
400258d000-4002594000 rw-p 00000000 00:00 0 
4002594000-400259a000 r-xp 00000000 00:00 0 
400259a000-400259b000 rwxp 00000000 00:00 0 
400259b000-400259c000 r-xp 00000000 00:00 0 
400259c000-400259d000 rwxp 00000000 00:00 0 
400259d000-400259e000 r-xp 00000000 00:00 0 
400259e000-400259f000 rw-p 00000000 00:00 0 
400259f000-40025a1000 rwxp 00000000 00:00 0 
40025a1000-40025a2000 r-xp 00000000 00:00 0 
40025a2000-40025a4000 rwxp 00000000 00:00 0 
40025a4000-40025a6000 r-xp 00000000 00:00 0 
40025a6000-40025a7000 rwxp 00000000 00:00 0 
40025a7000-40025a9000 r-xp 00000000 00:00 0 
40025a9000-40025aa000 rwxp 00000000 00:00 0 
40025aa000-40025ab000 r-xp 00000000 00:00 0 
40025ab000-40025ac000 rwxp 00000000 00:00 0 
40025ac000-40025ae000 rw-p 00000000 00:00 0 
40025ae000-40025af000 rwxp 00000000 00:00 0 
40025af000-40025b0000 r-xp 00000000 00:00 0 
40025b0000-40025b3000 rw-p 00000000 00:00 0 
40025b3000-40025b5000 r-xp 00000000 00:00 0 
40025b5000-40025b6000 rwxp 00000000 00:00 0 
40025b6000-40025b8000 r-xp 00000000 00:00 0 
40025b8000-40025ba000 rwxp 00000000 00:00 0 
40025ba000-40025bb000 rw-p 00000000 00:00 0 
40025bb000-40025bc000 r-xp 00000000 00:00 0 
40025bc000-40025bd000 rw-p 00000000 00:00 0 
40025bd000-40025be000 rwxp 00000000 00:00 0 
40025be000-40025c0000 r-xp 00000000 00:00 0 
40025c0000-40025c3000 rwxp 00000000 00:00 0 
40025c3000-40025c7000 r-xp 00000000 00:00 0 
40025c7000-40025c8000 rwxp 00000000 00:00 0 
40025c8000-40025ce000 r-xp 00000000 00:00 0 
40025ce000-40025cf000 rwxp 00000000 00:00 0 
40025cf000-40025d3000 r-xp 00000000 00:00 0 
40025d3000-40025d8000 rwxp 00000000 00:00 0 
40025d8000-40025da000 r-xp 00000000 00:00 0 
40025da000-40025e1000 rwxp 00000000 00:00 0 
40025e1000-40025e2000 r-xp 00000000 00:00 0 
40025e2000-40025e3000 rwxp 00000000 00:00 0 
40025e3000-40025e4000 r-xp 00000000 00:00 0 
40025e4000-40025ea000 rwxp 00000000 00:00 0 
40025ea000-40025eb000 r-xp 00000000 00:00 0 
40025eb000-40025ef000 rwxp 00000000 00:00 0 
40025ef000-40025f3000 r-xp 00000000 00:00 0 
40025f3000-40025f4000 rwxp 00000000 00:00 0 
40025f4000-40025f5000 r-xp 00000000 00:00 0 
40025f5000-40025f6000 rwxp 00000000 00:00 0 
40025f6000-40025f7000 r-xp 00000000 00:00 0 
40025f7000-40025fa000 rw-p 00000000 00:00 0 
40025fa000-40025ff000 rwxp 00000000 00:00 0 
40025ff000-4002600000 r-xp 00000000 00:00 0 
4002600000-4002606000 rwxp 00000000 00:00 0 
4002606000-4002607000 r-xp 00000000 00:00 0 
4002607000-400260e000 rwxp 00000000 00:00 0 
400260e000-400260f000 r-xp 00000000 00:00 0 
400260f000-4002612000 rwxp 00000000 00:00 0 
4002612000-4002615000 r-xp 00000000 00:00 0 
4002615000-4002616000 rw-p 00000000 00:00 0 
4002616000-4002617000 r-xp 00000000 00:00 0 
4002617000-4002619000 rw-p 00000000 00:00 0 
4002619000-400261a000 rwxp 00000000 00:00 0 
400261a000-400261c000 r-xp 00000000 00:00 0 
400261c000-400261e000 rwxp 00000000 00:00 0 
400261e000-400261f000 r-xp 00000000 00:00 0 
400261f000-4002620000 rw-p 00000000 00:00 0 
4002620000-4002621000 rwxp 00000000 00:00 0 
4002621000-4002622000 rw-p 00000000 00:00 0 
4002622000-4002626000 r-xp 00000000 00:00 0 
4002626000-4002627000 rwxp 00000000 00:00 0 
4002627000-4002628000 r-xp 00000000 00:00 0 
4002628000-4002629000 rwxp 00000000 00:00 0 
4002629000-400262e000 r-xp 00000000 00:00 0 
400262e000-400262f000 rwxp 00000000 00:00 0 
400262f000-4002632000 r-xp 00000000 00:00 0 
4002632000-4002633000 rw-p 00000000 00:00 0 
4002633000-4002636000 r-xp 00000000 00:00 0 
4002636000-4002637000 rw-p 00000000 00:00 0 
4002637000-4002639000 r-xp 00000000 00:00 0 
4002639000-400263a000 rwxp 00000000 00:00 0 
400263a000-400263b000 r-xp 00000000 00:00 0 
400263b000-400263c000 rwxp 00000000 00:00 0 
400263c000-400263d000 r-xp 00000000 00:00 0 
400263d000-400263f000 rwxp 00000000 00:00 0 
400263f000-4002640000 r-xp 00000000 00:00 0 
4002640000-4002643000 rwxp 00000000 00:00 0 
4002643000-4002645000 rw-p 00000000 00:00 0 
4002645000-4002647000 r-xp 00000000 00:00 0 
4002647000-4002648000 rwxp 00000000 00:00 0 
4002648000-400264d000 r-xp 00000000 00:00 0 
400264d000-400264e000 rwxp 00000000 00:00 0 
400264e000-4002652000 r-xp 00000000 00:00 0 
4002652000-4002653000 rwxp 00000000 00:00 0 
4002653000-4002657000 r-xp 00000000 00:00 0 
4002657000-4002658000 rwxp 00000000 00:00 0 
4002658000-400265c000 r-xp 00000000 00:00 0 
400265c000-400265d000 rwxp 00000000 00:00 0 
400265d000-400265e000 r-xp 00000000 00:00 0 
400265e000-4002661000 rwxp 00000000 00:00 0 
4002661000-4002662000 rw-p 00000000 00:00 0 
4002662000-4002665000 rwxp 00000000 00:00 0 
4002665000-4002666000 rw-p 00000000 00:00 0 
4002666000-4002667000 rwxp 00000000 00:00 0 
4002667000-4002668000 r-xp 00000000 00:00 0 
4002668000-400266c000 rwxp 00000000 00:00 0 
400266c000-4002670000 rw-p 00000000 00:00 0 
4002670000-4002676000 r-xp 00000000 00:00 0 
4002676000-4002677000 rwxp 00000000 00:00 0 
4002677000-4002680000 r-xp 00000000 00:00 0 
4002680000-4002681000 rwxp 00000000 00:00 0 
4002681000-4002686000 r-xp 00000000 00:00 0 
4002686000-4002689000 rw-p 00000000 00:00 0 
4002689000-400268c000 r-xp 00000000 00:00 0 
400268c000-400268e000 rwxp 00000000 00:00 0 
400268e000-400268f000 rw-p 00000000 00:00 0 
400268f000-4002691000 rwxp 00000000 00:00 0 
4002691000-4002693000 r-xp 00000000 00:00 0 
4002693000-4002694000 rwxp 00000000 00:00 0 
4002694000-4002696000 r-xp 00000000 00:00 0 
4002696000-4002697000 rw-p 00000000 00:00 0 
4002697000-400269d000 r-xp 00000000 00:00 0 
400269d000-400269e000 rwxp 00000000 00:00 0 
400269e000-400269f000 r-xp 00000000 00:00 0 
400269f000-40026a0000 rwxp 00000000 00:00 0 
40026a0000-40026a3000 r-xp 00000000 00:00 0 
40026a3000-40026a5000 rwxp 00000000 00:00 0 
40026a5000-40026a8000 r-xp 00000000 00:00 0 
40026a8000-40026ae000 rwxp 00000000 00:00 0 
40026ae000-40026af000 rw-p 00000000 00:00 0 
40026af000-40026b2000 rwxp 00000000 00:00 0 
40026b2000-40026b6000 r-xp 00000000 00:00 0 
40026b6000-40026b7000 rwxp 00000000 00:00 0 
40026b7000-40026bb000 r-xp 00000000 00:00 0 
40026bb000-40026bc000 rw-p 00000000 00:00 0 
40026bc000-40026c1000 rwxp 00000000 00:00 0 
40026c1000-40026c2000 r-xp 00000000 00:00 0 
40026c2000-40026c4000 rwxp 00000000 00:00 0 
40026c4000-40026ce000 r-xp 00000000 00:00 0 
40026ce000-40026d9000 rwxp 00000000 00:00 0 
40026d9000-40026da000 r-xp 00000000 00:00 0 
40026da000-40026dc000 rw-p 00000000 00:00 0 
40026dc000-40026e0000 rwxp 00000000 00:00 0 
40026e0000-40026e4000 r-xp 00000000 00:00 0 
40026e4000-40026e5000 rw-p 00000000 00:00 0 
40026e5000-40026e7000 r-xp 00000000 00:00 0 
40026e7000-40026e8000 rwxp 00000000 00:00 0 
40026e8000-40026ea000 rw-p 00000000 00:00 0 
40026ea000-40026ed000 r-xp 00000000 00:00 0 
40026ed000-40026ee000 rwxp 00000000 00:00 0 
40026ee000-40026f3000 r-xp 00000000 00:00 0 
40026f3000-40026f4000 rw-p 00000000 00:00 0 
40026f4000-40026f5000 r-xp 00000000 00:00 0 
40026f5000-40026f8000 rwxp 00000000 00:00 0 
40026f8000-40026f9000 r-xp 00000000 00:00 0 
40026f9000-40026fa000 rwxp 00000000 00:00 0 
40026fa000-40026fb000 r-xp 00000000 00:00 0 
40026fb000-4002701000 rwxp 00000000 00:00 0 
4002701000-4002703000 r-xp 00000000 00:00 0 
4002703000-4002705000 rw-p 00000000 00:00 0 
4002705000-4002709000 rwxp 00000000 00:00 0 
4002709000-400270a000 r-xp 00000000 00:00 0 
400270a000-400270c000 rwxp 00000000 00:00 0 
400270c000-400270d000 r-xp 00000000 00:00 0 
400270d000-400270e000 rwxp 00000000 00:00 0 
400270e000-4002710000 r-xp 00000000 00:00 0 
4002710000-4002711000 rw-p 00000000 00:00 0 
4002711000-4002713000 r-xp 00000000 00:00 0 
4002713000-4002714000 rwxp 00000000 00:00 0 
4002714000-4002715000 r-xp 00000000 00:00 0 
4002715000-4002716000 rw-p 00000000 00:00 0 
4002716000-4002717000 rwxp 00000000 00:00 0 
4002717000-4002719000 r-xp 00000000 00:00 0 
4002719000-400271a000 rwxp 00000000 00:00 0 
400271a000-400271c000 rw-p 00000000 00:00 0 
400271c000-400271e000 rwxp 00000000 00:00 0 
400271e000-400271f000 r-xp 00000000 00:00 0 
400271f000-4002720000 rwxp 00000000 00:00 0 
4002720000-4002722000 r-xp 00000000 00:00 0 
4002722000-4002723000 rwxp 00000000 00:00 0 
4002723000-4002724000 rw-p 00000000 00:00 0 
4002724000-4002725000 rwxp 00000000 00:00 0 
4002725000-4002727000 r-xp 00000000 00:00 0 
4002727000-4002728000 rwxp 00000000 00:00 0 
4002728000-400272a000 r-xp 00000000 00:00 0 
400272a000-400272c000 rwxp 00000000 00:00 0 
400272c000-400272e000 r-xp 00000000 00:00 0 
400272e000-4002734000 rwxp 00000000 00:00 0 
4002734000-4002736000 rw-p 00000000 00:00 0 
4002736000-400273b000 r-xp 00000000 00:00 0 
400273b000-400273c000 rw-p 00000000 00:00 0 
400273c000-400273d000 r-xp 00000000 00:00 0 
400273d000-4002740000 rwxp 00000000 00:00 0 
4002740000-4002741000 r-xp 00000000 00:00 0 
4002741000-4002742000 rwxp 00000000 00:00 0 
4002742000-4002745000 r-xp 00000000 00:00 0 
4002745000-4002748000 rwxp 00000000 00:00 0 
4002748000-4002749000 rw-p 00000000 00:00 0 
4002749000-400274d000 r-xp 00000000 00:00 0 
400274d000-400274f000 rw-p 00000000 00:00 0 
400274f000-4002750000 rwxp 00000000 00:00 0 
4002750000-4002752000 r-xp 00000000 00:00 0 
4002752000-4002753000 rwxp 00000000 00:00 0 
4002753000-4002754000 r-xp 00000000 00:00 0 
4002754000-4002755000 rwxp 00000000 00:00 0 
4002755000-400275c000 r-xp 00000000 00:00 0 
400275c000-400275d000 rw-p 00000000 00:00 0 
400275d000-4002762000 r-xp 00000000 00:00 0 
4002762000-4002763000 rwxp 00000000 00:00 0 
4002763000-4002766000 r-xp 00000000 00:00 0 
4002766000-4002768000 rwxp 00000000 00:00 0 
4002768000-4002769000 r-xp 00000000 00:00 0 
4002769000-400276a000 rwxp 00000000 00:00 0 
400276a000-400276b000 rw-p 00000000 00:00 0 
400276b000-400276e000 rwxp 00000000 00:00 0 
400276e000-4002770000 r-xp 00000000 00:00 0 
4002770000-4002771000 rwxp 00000000 00:00 0 
4002771000-4002772000 r-xp 00000000 00:00 0 
4002772000-4002774000 rwxp 00000000 00:00 0 
4002774000-4002776000 r-xp 00000000 00:00 0 
4002776000-4002779000 rwxp 00000000 00:00 0 
4002779000-400277b000 r-xp 00000000 00:00 0 
400277b000-400277c000 rw-p 00000000 00:00 0 
400277c000-400277d000 rwxp 00000000 00:00 0 
400277d000-4002780000 r-xp 00000000 00:00 0 
4002780000-4002781000 rw-p 00000000 00:00 0 
4002781000-4002783000 rwxp 00000000 00:00 0 
4002783000-4002785000 rw-p 00000000 00:00 0 
4002785000-400278a000 r-xp 00000000 00:00 0 
400278a000-400278c000 rwxp 00000000 00:00 0 
400278c000-400278f000 r-xp 00000000 00:00 0 
400278f000-4002790000 rwxp 00000000 00:00 0 
4002790000-4002791000 r-xp 00000000 00:00 0 
4002791000-4002793000 rw-p 00000000 00:00 0 
4002793000-4002794000 r-xp 00000000 00:00 0 
4002794000-4002798000 rw-p 00000000 00:00 0 
4002798000-400279b000 rwxp 00000000 00:00 0 
400279b000-400279e000 r-xp 00000000 00:00 0 
400279e000-40027a1000 rw-p 00000000 00:00 0 
40027a1000-40027a2000 rwxp 00000000 00:00 0 
40027a2000-40027b5000 rw-p 00000000 00:00 0 
40027b5000-40027b9000 r-xp 00000000 00:00 0 
40027b9000-40027bc000 rwxp 00000000 00:00 0 
40027bc000-40027c1000 r-xp 00000000 00:00 0 
40027c1000-40027c2000 rwxp 00000000 00:00 0 
40027c2000-40027c4000 r-xp 00000000 00:00 0 
40027c4000-40027c5000 rwxp 00000000 00:00 0 
40027c5000-40027c8000 r-xp 00000000 00:00 0 
40027c8000-40027ca000 rwxp 00000000 00:00 0 
40027ca000-40027cd000 r-xp 00000000 00:00 0 
40027cd000-40027d4000 rw-p 00000000 00:00 0 
40027d4000-40027d8000 r-xp 00000000 00:00 0 
40027d8000-40027d9000 rwxp 00000000 00:00 0 
40027d9000-40027da000 rw-p 00000000 00:00 0 
40027da000-40027de000 r-xp 00000000 00:00 0 
40027de000-40027df000 rwxp 00000000 00:00 0 
40027df000-40027e0000 r-xp 00000000 00:00 0 
40027e0000-40027e1000 rw-p 00000000 00:00 0 
40027e1000-40027e4000 r-xp 00000000 00:00 0 
40027e4000-40027e5000 rw-p 00000000 00:00 0 
40027e5000-40027ec000 r-xp 00000000 00:00 0 
40027ec000-40027ef000 rwxp 00000000 00:00 0 
40027ef000-40027f0000 r-xp 00000000 00:00 0 
40027f0000-40027f3000 rwxp 00000000 00:00 0 
40027f3000-40027f4000 r-xp 00000000 00:00 0 
40027f4000-40027f5000 rwxp 00000000 00:00 0 
40027f5000-40027fa000 r-xp 00000000 00:00 0 
40027fa000-40027fb000 rwxp 00000000 00:00 0 
40027fb000-40027fc000 r-xp 00000000 00:00 0 
40027fc000-40027fd000 rwxp 00000000 00:00 0 
40027fd000-4002800000 r-xp 00000000 00:00 0 
4002800000-4002802000 rwxp 00000000 00:00 0 
4002802000-4002803000 r-xp 00000000 00:00 0 
4002803000-4002806000 rwxp 00000000 00:00 0 
4002806000-4002807000 r-xp 00000000 00:00 0 
4002807000-400280b000 rwxp 00000000 00:00 0 
400280b000-400280c000 rw-p 00000000 00:00 0 
400280c000-400280d000 rwxp 00000000 00:00 0 
400280d000-400280e000 r-xp 00000000 00:00 0 
400280e000-400280f000 rwxp 00000000 00:00 0 
400280f000-4002810000 r-xp 00000000 00:00 0 
4002810000-4002811000 rwxp 00000000 00:00 0 
4002811000-4002812000 r-xp 00000000 00:00 0 
4002812000-4002813000 rwxp 00000000 00:00 0 
4002813000-400281a000 r-xp 00000000 00:00 0 
400281a000-400281b000 rwxp 00000000 00:00 0 
400281b000-400282d000 r-xp 00000000 00:00 0 
400282d000-400282e000 rw-p 00000000 00:00 0 
400282e000-4002830000 rwxp 00000000 00:00 0 
4002830000-4002835000 r-xp 00000000 00:00 0 
4002835000-4002836000 rw-p 00000000 00:00 0 
4002836000-4002837000 rwxp 00000000 00:00 0 
4002837000-4002838000 r-xp 00000000 00:00 0 
4002838000-400283b000 rwxp 00000000 00:00 0 
400283b000-400283c000 r-xp 00000000 00:00 0 
400283c000-400283f000 rw-p 00000000 00:00 0 
400283f000-4002840000 rwxp 00000000 00:00 0 
4002840000-4002842000 r-xp 00000000 00:00 0 
4002842000-4002844000 rwxp 00000000 00:00 0 
4002844000-4002846000 r-xp 00000000 00:00 0 
4002846000-4002848000 rw-p 00000000 00:00 0 
4002848000-400284a000 r-xp 00000000 00:00 0 
400284a000-400284b000 rw-p 00000000 00:00 0 
400284b000-4002850000 r-xp 00000000 00:00 0 
4002850000-4002851000 rw-p 00000000 00:00 0 
4002851000-4002852000 r-xp 00000000 00:00 0 
4002852000-4002854000 rw-p 00000000 00:00 0 
4002854000-4002855000 rwxp 00000000 00:00 0 
4002855000-4002856000 r-xp 00000000 00:00 0 
4002856000-4002857000 rwxp 00000000 00:00 0 
4002857000-4002859000 r-xp 00000000 00:00 0 
4002859000-400285c000 rwxp 00000000 00:00 0 
400285c000-400285d000 r-xp 00000000 00:00 0 
400285d000-400285e000 rw-p 00000000 00:00 0 
400285e000-400285f000 rwxp 00000000 00:00 0 
400285f000-4002860000 r-xp 00000000 00:00 0 
4002860000-4002861000 rwxp 00000000 00:00 0 
4002861000-4002863000 r-xp 00000000 00:00 0 
4002863000-4002865000 rwxp 00000000 00:00 0 
4002865000-4002866000 r-xp 00000000 00:00 0 
4002866000-4002867000 rwxp 00000000 00:00 0 
4002867000-4002868000 r-xp 00000000 00:00 0 
4002868000-400286a000 rwxp 00000000 00:00 0 
400286a000-400286b000 r-xp 00000000 00:00 0 
400286b000-400286f000 rwxp 00000000 00:00 0 
400286f000-4002873000 r-xp 00000000 00:00 0 
4002873000-4002876000 rwxp 00000000 00:00 0 
4002876000-4002877000 r-xp 00000000 00:00 0 
4002877000-4002879000 rwxp 00000000 00:00 0 
4002879000-400287c000 r-xp 00000000 00:00 0 
400287c000-400287e000 rwxp 00000000 00:00 0 
400287e000-400287f000 r-xp 00000000 00:00 0 
400287f000-4002880000 rwxp 00000000 00:00 0 
4002880000-4002886000 r-xp 00000000 00:00 0 
4002886000-4002888000 rwxp 00000000 00:00 0 
4002888000-4002889000 r-xp 00000000 00:00 0 
4002889000-400288a000 rwxp 00000000 00:00 0 
400288a000-400288b000 r-xp 00000000 00:00 0 
400288b000-400288c000 rwxp 00000000 00:00 0 
400288c000-400288f000 r-xp 00000000 00:00 0 
400288f000-4002890000 rw-p 00000000 00:00 0 
4002890000-4002891000 rwxp 00000000 00:00 0 
4002891000-40028a2000 r-xp 00000000 00:00 0 
40028a2000-40028a4000 rwxp 00000000 00:00 0 
40028a4000-40028ac000 r-xp 00000000 00:00 0 
40028ac000-40028ae000 rw-p 00000000 00:00 0 
40028ae000-40028af000 rwxp 00000000 00:00 0 
40028af000-40028b9000 r-xp 00000000 00:00 0 
40028b9000-40028ba000 rwxp 00000000 00:00 0 
40028ba000-40028bc000 r-xp 00000000 00:00 0 
40028bc000-40028bd000 rwxp 00000000 00:00 0 
40028bd000-40028bf000 r-xp 00000000 00:00 0 
40028bf000-40028c4000 rw-p 00000000 00:00 0 
40028c4000-40028c7000 r-xp 00000000 00:00 0 
40028c7000-40028c8000 rwxp 00000000 00:00 0 
40028c8000-40028cb000 r-xp 00000000 00:00 0 
40028cb000-40028cc000 rwxp 00000000 00:00 0 
40028cc000-40028d5000 r-xp 00000000 00:00 0 
40028d5000-40028d6000 rwxp 00000000 00:00 0 
40028d6000-40028d8000 rw-p 00000000 00:00 0 
40028d8000-40028dc000 r-xp 00000000 00:00 0 
40028dc000-40028dd000 rwxp 00000000 00:00 0 
40028dd000-40028de000 r-xp 00000000 00:00 0 
40028de000-40028df000 rw-p 00000000 00:00 0 
40028df000-40028e0000 rwxp 00000000 00:00 0 
40028e0000-40028e8000 r-xp 00000000 00:00 0 
40028e8000-40028e9000 rwxp 00000000 00:00 0 
40028e9000-40028ef000 r-xp 00000000 00:00 0 
40028ef000-40028f0000 rw-p 00000000 00:00 0 
40028f0000-40028f1000 r-xp 00000000 00:00 0 
40028f1000-40028f2000 rwxp 00000000 00:00 0 
40028f2000-40028f5000 r-xp 00000000 00:00 0 
40028f5000-40028f6000 rwxp 00000000 00:00 0 
40028f6000-40028f8000 r-xp 00000000 00:00 0 
40028f8000-40028f9000 rw-p 00000000 00:00 0 
40028f9000-40028fc000 r-xp 00000000 00:00 0 
40028fc000-40028fd000 rw-p 00000000 00:00 0 
40028fd000-40028ff000 rwxp 00000000 00:00 0 
40028ff000-4002902000 r-xp 00000000 00:00 0 
4002902000-4002904000 rw-p 00000000 00:00 0 
4002904000-4002907000 r-xp 00000000 00:00 0 
4002907000-4002908000 rwxp 00000000 00:00 0 
4002908000-400290a000 r-xp 00000000 00:00 0 
400290a000-400290c000 rw-p 00000000 00:00 0 
400290c000-400290f000 r-xp 00000000 00:00 0 
400290f000-4002910000 rw-p 00000000 00:00 0 
4002910000-4002911000 r-xp 00000000 00:00 0 
4002911000-4002915000 rw-p 00000000 00:00 0 
4002915000-400291a000 r-xp 00000000 00:00 0 
400291a000-400291c000 rwxp 00000000 00:00 0 
400291c000-4002921000 rw-p 00000000 00:00 0 
4002921000-4002923000 rwxp 00000000 00:00 0 
4002923000-4002924000 rw-p 00000000 00:00 0 
4002924000-4002925000 rwxp 00000000 00:00 0 
4002925000-400292b000 rw-p 00000000 00:00 0 
400292b000-400292d000 rwxp 00000000 00:00 0 
400292d000-4002931000 r-xp 00000000 00:00 0 
4002931000-4002936000 rw-p 00000000 00:00 0 
4002936000-4002937000 r-xp 00000000 00:00 0 
4002937000-4002939000 rwxp 00000000 00:00 0 
4002939000-4002940000 rw-p 00000000 00:00 0 
4002940000-4002943000 r-xp 00000000 00:00 0 
4002943000-4002944000 rw-p 00000000 00:00 0 
4002944000-4002945000 r-xp 00000000 00:00 0 
4002945000-4002946000 rw-p 00000000 00:00 0 
4002946000-400294a000 r-xp 00000000 00:00 0 
400294a000-400294b000 rwxp 00000000 00:00 0 
400294b000-4002953000 r-xp 00000000 00:00 0 
4002953000-4002954000 rwxp 00000000 00:00 0 
4002954000-4002958000 rw-p 00000000 00:00 0 
4002958000-400295d000 r-xp 00000000 00:00 0 
400295d000-400295e000 rwxp 00000000 00:00 0 
400295e000-400295f000 rw-p 00000000 00:00 0 
400295f000-4002963000 r-xp 00000000 00:00 0 
4002963000-4002964000 rwxp 00000000 00:00 0 
4002964000-4002969000 r-xp 00000000 00:00 0 
4002969000-400296a000 rw-p 00000000 00:00 0 
400296a000-400296d000 r-xp 00000000 00:00 0 
400296d000-400296f000 rwxp 00000000 00:00 0 
400296f000-4002971000 r-xp 00000000 00:00 0 
4002971000-4002972000 rw-p 00000000 00:00 0 
4002972000-4002974000 r-xp 00000000 00:00 0 
4002974000-4002977000 rw-p 00000000 00:00 0 
4002977000-4002979000 rwxp 00000000 00:00 0 
4002979000-400297b000 r-xp 00000000 00:00 0 
400297b000-400297c000 rw-p 00000000 00:00 0 
400297c000-400297d000 rwxp 00000000 00:00 0 
400297d000-400297f000 rw-p 00000000 00:00 0 
400297f000-4002980000 r-xp 00000000 00:00 0 
4002980000-4002981000 rwxp 00000000 00:00 0 
4002981000-4002982000 r-xp 00000000 00:00 0 
4002982000-4002983000 rwxp 00000000 00:00 0 
4002983000-4002988000 r-xp 00000000 00:00 0 
4002988000-4002989000 rwxp 00000000 00:00 0 
4002989000-400298b000 rw-p 00000000 00:00 0 
400298b000-400298c000 rwxp 00000000 00:00 0 
400298c000-400298e000 r-xp 00000000 00:00 0 
400298e000-400298f000 rwxp 00000000 00:00 0 
400298f000-4002994000 r-xp 00000000 00:00 0 
4002994000-4002996000 rwxp 00000000 00:00 0 
4002996000-4002999000 r-xp 00000000 00:00 0 
4002999000-400299b000 rwxp 00000000 00:00 0 
400299b000-400299c000 rw-p 00000000 00:00 0 
400299c000-400299d000 rwxp 00000000 00:00 0 
400299d000-400299f000 r-xp 00000000 00:00 0 
400299f000-40029a8000 rw-p 00000000 00:00 0 
40029a8000-40029ae000 rwxp 00000000 00:00 0 
40029ae000-40029af000 rw-p 00000000 00:00 0 
40029af000-40029b1000 rwxp 00000000 00:00 0 
40029b1000-40029b8000 rw-p 00000000 00:00 0 
40029b8000-40029bd000 rwxp 00000000 00:00 0 
40029bd000-40029bf000 rw-p 00000000 00:00 0 
40029bf000-40029c0000 r-xp 00000000 00:00 0 
40029c0000-40029c1000 rwxp 00000000 00:00 0 
40029c1000-40029c4000 r-xp 00000000 00:00 0 
40029c4000-40029c5000 rwxp 00000000 00:00 0 
40029c5000-40029c7000 r-xp 00000000 00:00 0 
40029c7000-40029cc000 rw-p 00000000 00:00 0 
40029cc000-40029e0000 r-xp 00000000 00:00 0 
40029e0000-40029e3000 rwxp 00000000 00:00 0 
40029e3000-40029e6000 r-xp 00000000 00:00 0 
40029e6000-40029e7000 rw-p 00000000 00:00 0 
40029e7000-40029e8000 r-xp 00000000 00:00 0 
40029e8000-40029e9000 rw-p 00000000 00:00 0 
40029e9000-40029ea000 rwxp 00000000 00:00 0 
40029ea000-40029ed000 r-xp 00000000 00:00 0 
40029ed000-40029ee000 rwxp 00000000 00:00 0 
40029ee000-40029f2000 r-xp 00000000 00:00 0 
40029f2000-40029f7000 rw-p 00000000 00:00 0 
40029f7000-40029fc000 r-xp 00000000 00:00 0 
40029fc000-40029fd000 rwxp 00000000 00:00 0 
40029fd000-4002a00000 r-xp 00000000 00:00 0 
4002a00000-4002a01000 rwxp 00000000 00:00 0 
4002a01000-4002a04000 r-xp 00000000 00:00 0 
4002a04000-4002a06000 rw-p 00000000 00:00 0 
4002a06000-4002a07000 r-xp 00000000 00:00 0 
4002a07000-4002a09000 rw-p 00000000 00:00 0 
4002a09000-4002a10000 r-xp 00000000 00:00 0 
4002a10000-4002a12000 rw-p 00000000 00:00 0 
4002a12000-4002a18000 r-xp 00000000 00:00 0 
4002a18000-4002a19000 rwxp 00000000 00:00 0 
4002a19000-4002a1b000 r-xp 00000000 00:00 0 
4002a1b000-4002a1c000 rw-p 00000000 00:00 0 
4002a1c000-4002a1d000 r-xp 00000000 00:00 0 
4002a1d000-4002a1e000 rwxp 00000000 00:00 0 
4002a1e000-4002a1f000 r-xp 00000000 00:00 0 
4002a1f000-4002a20000 rw-p 00000000 00:00 0 
4002a20000-4002a34000 r-xp 00000000 00:00 0 
4002a34000-4002a35000 rw-p 00000000 00:00 0 
4002a35000-4002a3a000 r-xp 00000000 00:00 0 
4002a3a000-4002a3e000 rw-p 00000000 00:00 0 
4002a3e000-4002a42000 r-xp 00000000 00:00 0 
4002a42000-4002a47000 rw-p 00000000 00:00 0 
4002a47000-4002a49000 r-xp 00000000 00:00 0 
4002a49000-4002a4a000 rw-p 00000000 00:00 0 
4002a4a000-4002a52000 r-xp 00000000 00:00 0 
4002a52000-4002a53000 rw-p 00000000 00:00 0 
4002a53000-4002a57000 r-xp 00000000 00:00 0 
4002a57000-4002a58000 rw-p 00000000 00:00 0 
4002a58000-4002a5b000 rwxp 00000000 00:00 0 
4002a5b000-4002a5c000 r-xp 00000000 00:00 0 
4002a5c000-4002a5d000 rw-p 00000000 00:00 0 
4002a5d000-4002a5e000 rwxp 00000000 00:00 0 
4002a5e000-4002a60000 rw-p 00000000 00:00 0 
4002a60000-4002a61000 r-xp 00000000 00:00 0 
4002a61000-4002a62000 rwxp 00000000 00:00 0 
4002a62000-4002a71000 rw-p 00000000 00:00 0 
4002a71000-4011491000 ---p 00000000 00:00 0 
4011491000-40114a9000 rw-p 00000000 00:00 0 
40114a9000-4011851000 ---p 00000000 00:00 0 
4011851000-401187b000 rw-p 00000000 00:00 0 
401187b000-4011adf000 ---p 00000000 00:00 0 
4011adf000-4011b25000 rw-p 00000000 00:00 0 
4011b25000-4011c27000 ---p 00000000 00:00 0 
4011c27000-4011c52000 rw-p 00000000 00:00 0 
4011c52000-4011eb7000 ---p 00000000 00:00 0 
4011eb7000-4011eb8000 ---p 00000000 00:00 0 
4011eb8000-4011fb9000 rw-p 00000000 00:00 0 
4011fb9000-4011fba000 ---p 00000000 00:00 0 
4011fba000-40120bb000 rw-p 00000000 00:00 0 
40120bb000-40120bc000 ---p 00000000 00:00 0 
40120bc000-40121bd000 rw-p 00000000 00:00 0 
40121bd000-40121be000 ---p 00000000 00:00 0 
40121be000-4016c1c000 rw-p 00000000 00:00 0 
4016c1c000-4016ced000 rw-p 00000000 00:00 0 
4016ced000-4016ebf000 r--s 01f93000 fe:01 3671310                        /usr/lib/jvm/java-1.8-openjdk/jre/lib/rt.jar
4016ebf000-4017e1c000 rw-p 00000000 00:00 0 
4017e1c000-4017e1d000 ---p 00000000 00:00 0 
4017e1d000-4017f1e000 rw-p 00000000 00:00 0 
4017f1e000-4017f21000 ---p 00000000 00:00 0 
4017f21000-401801f000 rw-p 00000000 00:00 0 
401801f000-4018022000 ---p 00000000 00:00 0 
4018022000-4018120000 rw-p 00000000 00:00 0 
4018120000-4018123000 ---p 00000000 00:00 0 
4018123000-4018221000 rw-p 00000000 00:00 0 
4018221000-4018222000 ---p 00000000 00:00 0 
4018222000-4018225000 ---p 00000000 00:00 0 
4018225000-4018323000 rw-p 00000000 00:00 0 
4018323000-4018324000 ---p 00000000 00:00 0 
4018324000-4018327000 ---p 00000000 00:00 0 
4018327000-4018425000 rw-p 00000000 00:00 0 
4018425000-4018426000 ---p 00000000 00:00 0 
4018426000-4018429000 ---p 00000000 00:00 0 
4018429000-4018527000 rw-p 00000000 00:00 0 
4018527000-401852a000 ---p 00000000 00:00 0 
401852a000-4018628000 rw-p 00000000 00:00 0 
4018628000-4018629000 ---p 00000000 00:00 0 
4018629000-401872a000 rw-p 00000000 00:00 0 
401872a000-401872b000 r--s 00005000 fe:01 3803646                        /usr/lib/ruby/gems/2.7.0/gems/asciidoctor-diagram-2.0.1/lib/server-1.3.14.jar
401872b000-4018732000 r--p 00000000 fe:01 3671248                        /usr/lib/jvm/java-1.8-openjdk/jre/lib/amd64/libnio.so
4018732000-401873a000 r--p 00007000 fe:01 3671248                        /usr/lib/jvm/java-1.8-openjdk/jre/lib/amd64/libnio.so
401873a000-401873e000 r--p 0000f000 fe:01 3671248                        /usr/lib/jvm/java-1.8-openjdk/jre/lib/amd64/libnio.so
401873e000-401873f000 r--p 00012000 fe:01 3671248                        /usr/lib/jvm/java-1.8-openjdk/jre/lib/amd64/libnio.so
401873f000-4018740000 rw-p 00013000 fe:01 3671248                        /usr/lib/jvm/java-1.8-openjdk/jre/lib/amd64/libnio.so
4018740000-4018744000 r--p 00000000 fe:01 3671247                        /usr/lib/jvm/java-1.8-openjdk/jre/lib/amd64/libnet.so
4018744000-4018754000 r--p 00004000 fe:01 3671247                        /usr/lib/jvm/java-1.8-openjdk/jre/lib/amd64/libnet.so
4018754000-4018759000 r--p 00014000 fe:01 3671247                        /usr/lib/jvm/java-1.8-openjdk/jre/lib/amd64/libnet.so
4018759000-401875a000 r--p 00018000 fe:01 3671247                        /usr/lib/jvm/java-1.8-openjdk/jre/lib/amd64/libnet.so
401875a000-401875b000 rw-p 00019000 fe:01 3671247                        /usr/lib/jvm/java-1.8-openjdk/jre/lib/amd64/libnet.so
401875b000-401875c000 r--s 00000000 fe:01 3803641                        /usr/lib/ruby/gems/2.7.0/gems/asciidoctor-diagram-2.0.1/lib/ditaa-1.3.14.jar
401875c000-401875e000 r--s 00016000 fe:01 3803642                        /usr/lib/ruby/gems/2.7.0/gems/asciidoctor-diagram-2.0.1/lib/ditaamini-0.12.jar
401875e000-401875f000 r--s 00001000 fe:01 3803644                        /usr/lib/ruby/gems/2.7.0/gems/asciidoctor-diagram-2.0.1/lib/plantuml-1.3.14.jar
401875f000-40187b9000 r--s 0071a000 fe:01 3803645                        /usr/lib/ruby/gems/2.7.0/gems/asciidoctor-diagram-2.0.1/lib/plantuml.jar
40187b9000-40187c1000 r--s 00096000 fe:01 3803643                        /usr/lib/ruby/gems/2.7.0/gems/asciidoctor-diagram-2.0.1/lib/jlatexmath-minimal-1.0.5.jar
40187c1000-401880c000 r--s 003c6000 fe:01 3803640                        /usr/lib/ruby/gems/2.7.0/gems/asciidoctor-diagram-2.0.1/lib/batik-all-1.10.jar
401880c000-4018839000 r--p 00000000 fe:01 3671222                        /usr/lib/jvm/java-1.8-openjdk/jre/lib/amd64/libawt.so
4018839000-40188a1000 r--p 0002d000 fe:01 3671222                        /usr/lib/jvm/java-1.8-openjdk/jre/lib/amd64/libawt.so
40188a1000-40188b2000 r--p 00095000 fe:01 3671222                        /usr/lib/jvm/java-1.8-openjdk/jre/lib/amd64/libawt.so
40188b2000-40188b3000 r--p 000a5000 fe:01 3671222                        /usr/lib/jvm/java-1.8-openjdk/jre/lib/amd64/libawt.so
40188b3000-40188be000 rw-p 000a6000 fe:01 3671222                        /usr/lib/jvm/java-1.8-openjdk/jre/lib/amd64/libawt.so
40188be000-40188e3000 rw-p 00000000 00:00 0 
40188e3000-40188e6000 r--p 00000000 fe:01 3671223                        /usr/lib/jvm/java-1.8-openjdk/jre/lib/amd64/libawt_headless.so
40188e6000-40188e9000 r--p 00003000 fe:01 3671223                        /usr/lib/jvm/java-1.8-openjdk/jre/lib/amd64/libawt_headless.so
40188e9000-40188eb000 r--p 00006000 fe:01 3671223                        /usr/lib/jvm/java-1.8-openjdk/jre/lib/amd64/libawt_headless.so
40188eb000-40188ec000 r--p 00007000 fe:01 3671223                        /usr/lib/jvm/java-1.8-openjdk/jre/lib/amd64/libawt_headless.so
40188ec000-40188ed000 rw-p 00008000 fe:01 3671223                        /usr/lib/jvm/java-1.8-openjdk/jre/lib/amd64/libawt_headless.so
40188ed000-4018900000 r--s 00102000 fe:01 3671309                        /usr/lib/jvm/java-1.8-openjdk/jre/lib/resources.jar
4018900000-4018903000 ---p 00000000 00:00 0 
4018903000-4018a01000 rw-p 00000000 00:00 0 
4018e26000-4019026000 rw-p 00000000 00:00 0 
4019210000-4019213000 ---p 00000000 00:00 0 
4019213000-401924a000 rw-p 00000000 00:00 0 
401944c000-4019453000 r--p 00000000 fe:01 3671226                        /usr/lib/jvm/java-1.8-openjdk/jre/lib/amd64/libfontmanager.so
4019453000-4019480000 r--p 00007000 fe:01 3671226                        /usr/lib/jvm/java-1.8-openjdk/jre/lib/amd64/libfontmanager.so
4019480000-401949e000 r--p 00034000 fe:01 3671226                        /usr/lib/jvm/java-1.8-openjdk/jre/lib/amd64/libfontmanager.so
401949e000-40194a1000 r--p 00051000 fe:01 3671226                        /usr/lib/jvm/java-1.8-openjdk/jre/lib/amd64/libfontmanager.so
40194a1000-40194a2000 rw-p 00054000 fe:01 3671226                        /usr/lib/jvm/java-1.8-openjdk/jre/lib/amd64/libfontmanager.so
40194a2000-40194af000 r--p 00000000 fe:01 3671416                        /usr/lib/libfreetype.so.6.17.2
40194af000-4019518000 r--p 0000d000 fe:01 3671416                        /usr/lib/libfreetype.so.6.17.2
4019518000-401954e000 r--p 00076000 fe:01 3671416                        /usr/lib/libfreetype.so.6.17.2
401954e000-401954f000 r--p 000ac000 fe:01 3671416                        /usr/lib/libfreetype.so.6.17.2
401954f000-4019556000 r--p 000ac000 fe:01 3671416                        /usr/lib/libfreetype.so.6.17.2
4019556000-4019557000 rw-p 000b3000 fe:01 3671416                        /usr/lib/libfreetype.so.6.17.2
4019557000-4019559000 r--p 00000000 fe:01 3671391                        /usr/lib/libbz2.so.1.0.8
4019559000-4019562000 r--p 00002000 fe:01 3671391                        /usr/lib/libbz2.so.1.0.8
4019562000-4019564000 r--p 0000b000 fe:01 3671391                        /usr/lib/libbz2.so.1.0.8
4019564000-4019565000 r--p 0000c000 fe:01 3671391                        /usr/lib/libbz2.so.1.0.8
4019565000-4019566000 rw-p 0000d000 fe:01 3671391                        /usr/lib/libbz2.so.1.0.8
4019566000-401956c000 r--p 00000000 fe:01 3671551                        /usr/lib/libpng16.so.16.37.0
401956c000-4019589000 r--p 00006000 fe:01 3671551                        /usr/lib/libpng16.so.16.37.0
4019589000-4019594000 r--p 00023000 fe:01 3671551                        /usr/lib/libpng16.so.16.37.0
4019594000-4019595000 r--p 0002d000 fe:01 3671551                        /usr/lib/libpng16.so.16.37.0
4019595000-4019596000 rw-p 0002e000 fe:01 3671551                        /usr/lib/libpng16.so.16.37.0
4019596000-4019597000 r--p 00000000 fe:01 3671385                        /usr/lib/libbrotlidec.so.1.0.7
4019597000-401959d000 r--p 00001000 fe:01 3671385                        /usr/lib/libbrotlidec.so.1.0.7
401959d000-40195a0000 r--p 00007000 fe:01 3671385                        /usr/lib/libbrotlidec.so.1.0.7
40195a0000-40195a1000 r--p 00009000 fe:01 3671385                        /usr/lib/libbrotlidec.so.1.0.7
40195a1000-40195a2000 rw-p 0000a000 fe:01 3671385                        /usr/lib/libbrotlidec.so.1.0.7
40195a2000-40195a3000 r--p 00000000 fe:01 3671383                        /usr/lib/libbrotlicommon.so.1.0.7
40195a3000-40195a4000 r--p 00001000 fe:01 3671383                        /usr/lib/libbrotlicommon.so.1.0.7
40195a4000-40195c3000 r--p 00002000 fe:01 3671383                        /usr/lib/libbrotlicommon.so.1.0.7
40195c3000-40195c4000 r--p 00020000 fe:01 3671383                        /usr/lib/libbrotlicommon.so.1.0.7
40195c4000-40195c5000 rw-p 00021000 fe:01 3671383                        /usr/lib/libbrotlicommon.so.1.0.7
40195c5000-40195cc000 r--p 00000000 fe:01 3671407                        /usr/lib/libfontconfig.so.1.12.0
40195cc000-40195e8000 r--p 00007000 fe:01 3671407                        /usr/lib/libfontconfig.so.1.12.0
40195e8000-40195ff000 r--p 00023000 fe:01 3671407                        /usr/lib/libfontconfig.so.1.12.0
40195ff000-4019601000 r--p 00039000 fe:01 3671407                        /usr/lib/libfontconfig.so.1.12.0
4019601000-4019602000 rw-p 0003b000 fe:01 3671407                        /usr/lib/libfontconfig.so.1.12.0
4019602000-4019606000 r--p 00000000 fe:01 3671403                        /usr/lib/libexpat.so.1.6.11
4019606000-401961a000 r--p 00004000 fe:01 3671403                        /usr/lib/libexpat.so.1.6.11
401961a000-4019621000 r--p 00018000 fe:01 3671403                        /usr/lib/libexpat.so.1.6.11
4019621000-4019622000 r--p 0001f000 fe:01 3671403                        /usr/lib/libexpat.so.1.6.11
4019622000-4019624000 r--p 0001f000 fe:01 3671403                        /usr/lib/libexpat.so.1.6.11
4019624000-4019625000 rw-p 00021000 fe:01 3671403                        /usr/lib/libexpat.so.1.6.11
4019625000-4019627000 r--p 00000000 fe:01 3670990                        /lib/libuuid.so.1.3.0
4019627000-401962b000 r--p 00002000 fe:01 3670990                        /lib/libuuid.so.1.3.0
401962b000-401962c000 r--p 00006000 fe:01 3670990                        /lib/libuuid.so.1.3.0
401962c000-401962d000 r--p 00006000 fe:01 3670990                        /lib/libuuid.so.1.3.0
401962d000-401962e000 rw-p 00007000 fe:01 3670990                        /lib/libuuid.so.1.3.0
401cb70000-401cb74000 r--s 0005b000 fe:01 3671296                        /usr/lib/jvm/java-1.8-openjdk/jre/lib/jsse.jar
401cb74000-401cd74000 rw-p 00000000 00:00 0 
401d0b1000-401d0b3000 r--p 00000000 fe:01 3671246                        /usr/lib/jvm/java-1.8-openjdk/jre/lib/amd64/libmlib_image.so
401d0b3000-401d1b1000 r--p 00002000 fe:01 3671246                        /usr/lib/jvm/java-1.8-openjdk/jre/lib/amd64/libmlib_image.so
401d1b1000-401d1c4000 r--p 00100000 fe:01 3671246                        /usr/lib/jvm/java-1.8-openjdk/jre/lib/amd64/libmlib_image.so
401d1c4000-401d1c5000 r--p 00113000 fe:01 3671246                        /usr/lib/jvm/java-1.8-openjdk/jre/lib/amd64/libmlib_image.so
401d1c5000-401d1c6000 r--p 00113000 fe:01 3671246                        /usr/lib/jvm/java-1.8-openjdk/jre/lib/amd64/libmlib_image.so
401d1c6000-401d1c7000 rw-p 00114000 fe:01 3671246                        /usr/lib/jvm/java-1.8-openjdk/jre/lib/amd64/libmlib_image.so
401e2dc000-401e35c000 rw-p 00000000 00:00 0 
401e35c000-401e4dc000 ---p 00000000 00:00 0 
401e751000-401e7b1000 rw-p 00000000 00:00 0 
401ef16000-401ef7b000 rw-p 00000000 00:00 0 
ffff91bfb000-ffff91f8b000 rw-p 00000000 00:00 0 
ffff91f8b000-ffff925cc000 rw-p 00000000 00:00 0 
ffff925cc000-ffff9261f000 rw-p 00000000 00:00 0 
ffff9261f000-ffff926aa000 rw-p 00000000 00:00 0 
ffff926aa000-ffff92a54000 rw-p 00000000 00:00 0 
ffff92a54000-ffff92afa000 rw-p 00000000 00:00 0 
ffff92afa000-ffff92d98000 rw-p 00000000 00:00 0 
ffff92d98000-ffff92e40000 rw-p 00000000 00:00 0 
ffff92e40000-ffff92e42000 ---p 00000000 00:00 0 
ffff92e42000-ffff92ec4000 rw-p 00000000 00:00 0 
ffff92ec4000-ffff93c56000 rw-p 00000000 00:00 0 
ffff93c56000-ffff93da0000 rw-p 00000000 00:00 0 
ffff93da0000-ffff93da2000 ---p 00000000 00:00 0 
ffff93da2000-ffff93ec2000 rw-p 00000000 00:00 0 
ffff93ec2000-ffff93ec4000 ---p 00000000 00:00 0 
ffff93ec4000-ffff93f21000 rw-p 00000000 00:00 0 
ffff93f21000-ffff93f23000 ---p 00000000 00:00 0 
ffff93f23000-ffff93fbf000 rw-p 00000000 00:00 0 
ffff93fbf000-ffff93fc1000 ---p 00000000 00:00 0 
ffff93fc1000-ffff94022000 rw-p 00000000 00:00 0 
ffff94022000-ffff94024000 ---p 00000000 00:00 0 
ffff94024000-ffff9406d000 rw-p 00000000 00:00 0 
ffff9406d000-ffff9406f000 ---p 00000000 00:00 0 
ffff9406f000-ffff940d8000 rw-p 00000000 00:00 0 
ffff940d8000-ffff940da000 ---p 00000000 00:00 0 
ffff940da000-ffff9419b000 rw-p 00000000 00:00 0 
ffff9419b000-ffff9419d000 ---p 00000000 00:00 0 
ffff9419d000-ffff9421c000 rw-p 00000000 00:00 0 
ffff9421c000-ffff9421e000 ---p 00000000 00:00 0 
ffff9421e000-ffff942a6000 rw-p 00000000 00:00 0 
ffff942a6000-ffff942a8000 ---p 00000000 00:00 0 
ffff942a8000-ffff94cbd000 rw-p 00000000 00:00 0 
ffff94cbd000-ffff94cbf000 ---p 00000000 00:00 0 
ffff94cbf000-ffff94d07000 rw-p 00000000 00:00 0 
ffff94d07000-ffff94d09000 ---p 00000000 00:00 0 
ffff94d09000-ffff94d60000 rw-p 00000000 00:00 0 
ffff94d60000-ffff94d62000 ---p 00000000 00:00 0 
ffff94d62000-ffff94db6000 rw-p 00000000 00:00 0 
ffff94db6000-ffff94db8000 ---p 00000000 00:00 0 
ffff94db8000-ffff95d13000 rw-p 00000000 00:00 0 
ffff95d13000-ffff95d15000 ---p 00000000 00:00 0 
ffff95d15000-ffff95e5e000 rw-p 00000000 00:00 0 
ffff95e5e000-ffff9de5d000 rwxp 00000000 00:00 0 
ffff9de5d000-ffff9de5e000 ---p 00000000 00:00 0 
ffff9de5e000-ffff9df89000 rw-p 00000000 00:00 0 
ffff9df89000-ffff9df8b000 ---p 00000000 00:00 0 
ffff9df8b000-ffff9dfae000 rw-p 00000000 00:00 0 
ffff9dfae000-ffff9dfb0000 r--p 00000000 00:00 0                          [vvar]
ffff9dfb0000-ffff9dfb1000 r-xp 00000000 00:00 0                          [vdso]
ffffe5096000-ffffe50b7000 rw-p 00000000 00:00 0                          [stack]

VM Arguments:
jvm_args: -Djava.awt.headless=true -Djava.net.useSystemProxies=true 
java_command: org.asciidoctor.diagram.StdInOutCommandServer
java_class_path (initial): /usr/lib/ruby/gems/2.7.0/gems/asciidoctor-diagram-2.0.1/lib/server-1.3.14.jar:/usr/lib/ruby/gems/2.7.0/gems/asciidoctor-diagram-2.0.1/lib/ditaa-1.3.14.jar:/usr/lib/ruby/gems/2.7.0/gems/asciidoctor-diagram-2.0.1/lib/ditaamini-0.12.jar:/usr/lib/ruby/gems/2.7.0/gems/asciidoctor-diagram-2.0.1/lib/plantuml-1.3.14.jar:/usr/lib/ruby/gems/2.7.0/gems/asciidoctor-diagram-2.0.1/lib/plantuml.jar:/usr/lib/ruby/gems/2.7.0/gems/asciidoctor-diagram-2.0.1/lib/jlatexmath-minimal-1.0.5.jar:/usr/lib/ruby/gems/2.7.0/gems/asciidoctor-diagram-2.0.1/lib/batik-all-1.10.jar
Launcher Type: SUN_STANDARD

Environment Variables:
PATH=/usr/local/sbin:/usr/local/bin:/usr/sbin:/usr/bin:/sbin:/bin
LD_LIBRARY_PATH=/usr/lib/jvm/java-1.8-openjdk/jre/lib/amd64/server:/usr/lib/jvm/java-1.8-openjdk/jre/lib/amd64:/usr/lib/jvm/java-1.8-openjdk/jre/../lib/amd64

Signal Handlers:
SIGSEGV: [libjvm.so+0x5fce7c], sa_mask[0]=11111111111111111111111111111110, sa_flags=SA_RESTART|SA_SIGINFO
SIGBUS: [libjvm.so+0x5fce7c], sa_mask[0]=11111111111111111111111111111110, sa_flags=SA_RESTART|SA_SIGINFO
SIGFPE: [libjvm.so+0x535df5], sa_mask[0]=11111111111111111111111111111110, sa_flags=SA_RESTART|SA_SIGINFO
SIGPIPE: [libjvm.so+0x535df5], sa_mask[0]=11111111111111111111111111111110, sa_flags=SA_RESTART|SA_SIGINFO
SIGXFSZ: [libjvm.so+0x535df5], sa_mask[0]=11111111111111111111111111111110, sa_flags=SA_RESTART|SA_SIGINFO
SIGILL: [libjvm.so+0x535df5], sa_mask[0]=11111111111111111111111111111110, sa_flags=SA_RESTART|SA_SIGINFO
SIGUSR1: SIG_DFL, sa_mask[0]=00000000000000000000000000000000, sa_flags=none
SIGUSR2: [libjvm.so+0x535f9d], sa_mask[0]=00000000000000000000000000000000, sa_flags=SA_RESTART|SA_SIGINFO
SIGHUP: [libjvm.so+0x537fb5], sa_mask[0]=11111111111111111111111111111110, sa_flags=SA_RESTART|SA_SIGINFO
SIGINT: [libjvm.so+0x537fb5], sa_mask[0]=11111111111111111111111111111110, sa_flags=SA_RESTART|SA_SIGINFO
SIGTERM: [libjvm.so+0x537fb5], sa_mask[0]=11111111111111111111111111111110, sa_flags=SA_RESTART|SA_SIGINFO
SIGQUIT: [libjvm.so+0x537fb5], sa_mask[0]=11111111111111111111111111111110, sa_flags=SA_RESTART|SA_SIGINFO


---------------  S Y S T E M  ---------------

OS:NAME="Alpine Linux"
ID=alpine
VERSION_ID=3.12.0
PRETTY_NAME="Alpine Linux v3.12"
HOME_URL="https://alpinelinux.org/"
BUG_REPORT_URL="https://bugs.alpinelinux.org/"

uname:Linux 5.10.104-linuxkit #1 SMP PREEMPT Wed Mar 9 19:01:25 UTC 2022 x86_64
libc:glibc 2.9 NPTL 
rlimit: STACK 8192k, CORE 0k, NPROC infinity, NOFILE 1048576, AS infinity
load average:2.00 2.00 1.80

/proc/meminfo:
MemTotal:        8039920 kB
MemFree:         5602784 kB
MemAvailable:    6859048 kB
Buffers:           40300 kB
Cached:          1609912 kB
SwapCached:            0 kB
Active:           298968 kB
Inactive:        1901232 kB
Active(anon):      66600 kB
Inactive(anon):   810568 kB
Active(file):     232368 kB
Inactive(file):  1090664 kB
Unevictable:           0 kB
Mlocked:               0 kB
SwapTotal:       1048572 kB
SwapFree:        1048572 kB
Dirty:                12 kB
Writeback:             0 kB
AnonPages:        547324 kB
Mapped:           227756 kB
Shmem:            327196 kB
KReclaimable:     132880 kB
Slab:             171048 kB
SReclaimable:     132880 kB
SUnreclaim:        38168 kB
KernelStack:        8128 kB
PageTables:         5224 kB
NFS_Unstable:          0 kB
Bounce:                0 kB
WritebackTmp:          0 kB
CommitLimit:     5068532 kB
Committed_AS:    4104276 kB
VmallocTotal:   135290159040 kB
VmallocUsed:       10380 kB
VmallocChunk:          0 kB
Percpu:             1888 kB
AnonHugePages:      8192 kB
ShmemHugePages:        0 kB
ShmemPmdMapped:        0 kB
FileHugePages:         0 kB
FilePmdMapped:         0 kB
HugePages_Total:       0
HugePages_Free:        0
HugePages_Rsvd:        0
HugePages_Surp:        0
Hugepagesize:       2048 kB
Hugetlb:               0 kB


CPU:total 4 (initial active 4) (1 cores per cpu, 1 threads per core) family 15 model 107 stepping 1, cmov, cx8, fxsr, mmx, sse, sse2, sse3, ssse3, sse4.1, sse4.2, popcnt, aes, clmul, erms, mmxext, 3dnowpref, lzcnt, tsc, bmi1

/proc/cpuinfo:
processor	: 0
BogoMIPS	: 48.00
Features	: fp asimd evtstrm aes pmull sha1 sha2 crc32 atomics fphp asimdhp cpuid asimdrdm jscvt fcma lrcpc dcpop sha3 asimddp sha512 asimdfhm dit uscat ilrcpc flagm sb paca pacg dcpodp flagm2 frint
CPU implementer	: 0x00
CPU architecture: 8
CPU variant	: 0x0
CPU part	: 0x000
CPU revision	: 0

processor	: 1
BogoMIPS	: 48.00
Features	: fp asimd evtstrm aes pmull sha1 sha2 crc32 atomics fphp asimdhp cpuid asimdrdm jscvt fcma lrcpc dcpop sha3 asimddp sha512 asimdfhm dit uscat ilrcpc flagm sb paca pacg dcpodp flagm2 frint
CPU implementer	: 0x00
CPU architecture: 8
CPU variant	: 0x0
CPU part	: 0x000
CPU revision	: 0

processor	: 2
BogoMIPS	: 48.00
Features	: fp asimd evtstrm aes pmull sha1 sha2 crc32 atomics fphp asimdhp cpuid asimdrdm jscvt fcma lrcpc dcpop sha3 asimddp sha512 asimdfhm dit uscat ilrcpc flagm sb paca pacg dcpodp flagm2 frint
CPU implementer	: 0x00
CPU architecture: 8
CPU variant	: 0x0
CPU part	: 0x000
CPU revision	: 0

processor	: 3
BogoMIPS	: 48.00
Features	: fp asimd evtstrm aes pmull sha1 sha2 crc32 atomics fphp asimdhp cpuid asimdrdm jscvt fcma lrcpc dcpop sha3 asimddp sha512 asimdfhm dit uscat ilrcpc flagm sb paca pacg dcpodp flagm2 frint
CPU implementer	: 0x00
CPU architecture: 8
CPU variant	: 0x0
CPU part	: 0x000
CPU revision	: 0



Memory: 4k page, physical 8039920k(5602784k free), swap 1048572k(1048572k free)

vm_info: OpenJDK 64-Bit Server VM (25.252-b09) for linux-amd64 JRE (1.8.0_252-b09), built on Aug 10 2020 04:55:13 by "buildozer" with gcc 9.3.0

time: Mon Mar 28 07:35:05 2022
timezone: UTC
elapsed time: 1936 seconds (0d 0h 32m 16s)

